_Clublanacion/build/outputs/logs/manifest-merger-debug-report.txt
-- Merging decision tree log ---
manifest
ADDED from AndroidManifest.xml:3:1
	android:debuggable
		ADDED from AndroidManifest.xml:7:5
	xmlns:android
		ADDED from AndroidManifest.xml:3:11
	package
		ADDED from AndroidManifest.xml:4:5
		INJECTED from AndroidManifest.xml:0:0
		INJECTED from AndroidManifest.xml:0:0
	android:versionName
		ADDED from AndroidManifest.xml:6:5
	android:versionCode
		ADDED from AndroidManifest.xml:5:5
		INJECTED from AndroidManifest.xml:0:0
		INJECTED from AndroidManifest.xml:0:0
uses-sdk
ADDED from AndroidManifest.xml:9:5
	android:targetSdkVersion
		ADDED from AndroidManifest.xml:12:9
		INJECTED from AndroidManifest.xml:0:0
		INJECTED from AndroidManifest.xml:0:0
	android:minSdkVersion
		ADDED from AndroidManifest.xml:11:9
		INJECTED from AndroidManifest.xml:0:0
		INJECTED from AndroidManifest.xml:0:0
	android:maxSdkVersion
		ADDED from AndroidManifest.xml:10:9
uses-permission#android.permission.RECEIVE_BOOT_COMPLETED
ADDED from AndroidManifest.xml:14:5
	android:name
		ADDED from AndroidManifest.xml:14:22
uses-permission#android.permission.SYSTEM_ALERT_WINDOW
ADDED from AndroidManifest.xml:15:5
	android:name
		ADDED from AndroidManifest.xml:15:22
uses-permission#android.permission.INTERNET
ADDED from AndroidManifest.xml:16:5
	android:name
		ADDED from AndroidManifest.xml:16:22
uses-permission#android.permission.ACCESS_NETWORK_STATE
ADDED from AndroidManifest.xml:17:5
	android:name
		ADDED from AndroidManifest.xml:17:22
uses-permission#android.permission.WRITE_EXTERNAL_STORAGE
ADDED from AndroidManifest.xml:18:5
	android:name
		ADDED from AndroidManifest.xml:18:22
uses-permission#android.permission.VIBRATE
ADDED from AndroidManifest.xml:19:5
	android:name
		ADDED from AndroidManifest.xml:19:22
uses-permission#android.permission.READ_PHONE_STATE
ADDED from AndroidManifest.xml:20:5
	android:name
		ADDED from AndroidManifest.xml:20:22
uses-permission#android.permission.PROCESS_OUTGOING_CALLS
ADDED from AndroidManifest.xml:21:5
	android:name
		ADDED from AndroidManifest.xml:21:22
uses-permission#android.permission.ACCESS_WIFI_STATE
ADDED from AndroidManifest.xml:23:5
	android:name
		ADDED from AndroidManifest.xml:23:22
uses-permission#android.permission.ACCESS_FINE_LOCATION
ADDED from AndroidManifest.xml:24:5
	android:name
		ADDED from AndroidManifest.xml:24:22
application
ADDED from AndroidManifest.xml:26:5
	android:label
		ADDED from AndroidManifest.xml:31:9
	android:allowBackup
		ADDED from AndroidManifest.xml:27:9
	android:icon
		ADDED from AndroidManifest.xml:30:9
	android:theme
		ADDED from AndroidManifest.xml:32:9
	android:hardwareAccelerated
		ADDED from AndroidManifest.xml:29:9
	android:exported
		ADDED from AndroidManifest.xml:28:9
activity#com.clublanacion.MainActivity
ADDED from AndroidManifest.xml:33:9
	android:label
		ADDED from AndroidManifest.xml:35:13
	android:configChanges
		ADDED from AndroidManifest.xml:36:13
	android:name
		ADDED from AndroidManifest.xml:34:13
intent-filter#android.intent.action.MAIN+android.intent.category.LAUNCHER
ADDED from AndroidManifest.xml:37:13
action#android.intent.action.MAIN
ADDED from AndroidManifest.xml:38:17
	android:name
		ADDED from AndroidManifest.xml:38:25
category#android.intent.category.LAUNCHER
ADDED from AndroidManifest.xml:40:17
	android:name
		ADDED from AndroidManifest.xml:40:27
service#com.clublanacion.service.BlockTouchScreenService
ADDED from AndroidManifest.xml:43:9
	android:process
		ADDED from AndroidManifest.xml:45:13
	android:name
		ADDED from AndroidManifest.xml:44:13
receiver#com.clublanacion.service.AutoStartReceiver
ADDED from AndroidManifest.xml:47:9
	android:process
		ADDED from AndroidManifest.xml:51:13
	android:enabled
		ADDED from AndroidManifest.xml:49:13
	android:permission
		ADDED from AndroidManifest.xml:50:13
	android:name
		ADDED from AndroidManifest.xml:48:13
intent-filter#RecoverClublnService+android.intent.action.BOOT_COMPLETED+android.intent.category.DEFAULT
ADDED from AndroidManifest.xml:52:13
action#android.intent.action.BOOT_COMPLETED
ADDED from AndroidManifest.xml:53:17
	android:name
		ADDED from AndroidManifest.xml:53:25
action#RecoverClublnService
ADDED from AndroidManifest.xml:54:17
	android:name
		ADDED from AndroidManifest.xml:54:25
category#android.intent.category.DEFAULT
ADDED from AndroidManifest.xml:56:17
	android:name
		ADDED from AndroidManifest.xml:56:27
receiver#com.clublanacion.service.ScreenStateReceiver
ADDED from AndroidManifest.xml:59:9
	android:process
		ADDED from AndroidManifest.xml:62:13
	android:enabled
		ADDED from AndroidManifest.xml:61:13
	android:name
		ADDED from AndroidManifest.xml:60:13
intent-filter#android.intent.action.CLOSE_SYSTEM_DIALOGS+android.intent.category.DEFAULT
ADDED from AndroidManifest.xml:63:13
	android:priority
		ADDED from AndroidManifest.xml:63:28
action#android.intent.action.CLOSE_SYSTEM_DIALOGS
ADDED from AndroidManifest.xml:66:17
	android:name
		ADDED from AndroidManifest.xml:66:25